=== Your Card Collection Searches ===
Started: Mon Jan 12 11:02:57 AM UTC 2026
[11:02:57] 2022 stadium club chrome acuna trophy
  -> 13 items
[11:04:20] 2018 bowman chrome acuna
  -> 200 items
[11:05:25] 2022 topps chrome sonic acuna
  -> 13 items
[11:06:31] 2017 bowman prospects acuna
  -> 200 items
[11:07:36] 2018 topps update acuna
  -> 200 items
[11:08:46] 2018 topps acuna bat down
  -> 0 items
[11:10:17] 2018 topps heritage acuna
  -> 200 items
[11:11:22] 2018 topps now acuna
  -> 200 items
[11:12:30] 2022 topps now strider
  -> 14 items
[11:13:38] 2023 topps chrome harris sepia
  -> 23 items
[11:14:49] 2023 bowmans best harris auto
  -> 18 items
[11:15:58] 2019 topps update riley camo
  -> 20 items
[11:17:18] 2022 donruss riley whammy
  -> 4 items
[11:18:25] 2019 topps gallery riley auto
  -> 8 items
[11:19:34] prizm garnacho purple
  -> 14 items
[11:20:41] topps project22 garnacho
  -> 13 items
[11:21:50] topps chrome garnacho auto
  -> 35 items
[11:22:55] topps now garnacho europa
  -> 10 items
[11:24:06] merlin chrome garnacho
  -> 41 items
[11:25:11] topps inception garnacho
  -> 8 items
[11:26:21] select garnacho pink
  -> 22 items
[11:27:27] 2018 topps ohtani pitching
  -> 200 items
[11:28:34] 2017 topps chrome mbappe
  -> 200 items
[11:29:39] 2020 donruss optic burrow
  -> 200 items
[11:30:44] topps finest zaire-emery
  -> 83 items
[11:31:49] topps merlin zaire-emery
  -> 48 items
[11:32:54] 2020 topps chrome formula russell
  -> 200 items
[11:34:02] 2023 prizm puka nacua silver
  -> 200 items
[11:35:08] topps chrome ekitike auto
  -> 63 items
[11:36:13] 1953 topps warren spahn
  -> 199 items
[11:37:18] 1953 topps ed mathews
  -> 70 items
[11:38:24] 1975 topps hank aaron
  -> 200 items
[11:39:30] 1958 topps hank aaron 30
  -> 200 items
[11:40:36] 1961 topps hank aaron
  -> 200 items
[11:41:41] 1964 topps hank aaron
  -> 200 items
[11:42:46] 1967 topps hank aaron
  -> 200 items
[11:43:51] 1958 topps hank aaron 488
  -> 200 items
[11:44:58] 1961 topps willie mays 150
  -> 200 items
[11:46:04] 1967 topps willie mays
  -> 200 items
[11:47:10] 1958 topps mathews 440
  -> 200 items
[11:48:16] 1959 topps mathews
  -> 200 items
[11:49:22] 1962 topps mathews
  -> 200 items
[11:50:27] 1955 topps mathews
  -> 200 items
[11:51:33] 1957 topps mathews
  -> 200 items
[11:52:39] 1954 topps mathews
  -> 200 items
[11:53:44] 1955 bowman mathews
  -> 191 items
[11:54:50] 1960 topps mathews
  -> 200 items
[11:55:53] 1965 topps mathews
  -> 200 items
[11:56:57] 1958 topps spahn
  -> 200 items
[11:58:01] 1955 topps spahn
  -> 0 items
[11:59:01] 1964 topps frank robinson
  -> 0 items
[12:00:04] 1958 topps frank robinson
  -> 0 items
[12:01:07] 1965 topps frank robinson
  -> 0 items
[12:02:08] 1966 topps frank robinson
  -> 0 items
[12:03:09] 1964 topps kaline
  -> 0 items
[12:04:09] 1955 topps kaline
  -> 200 items
[12:05:15] 1963 topps kaline
  -> 200 items
[12:06:21] 1965 topps kaline
  -> 200 items
[12:07:27] 1964 topps yastrzemski
  -> 200 items
[12:08:33] 1959 topps ernie banks
  -> 200 items
[12:09:38] 1960 topps ernie banks
  -> 200 items
[12:10:44] 1961 topps ernie banks
  -> 200 items
[12:11:50] 1963 topps ernie banks
  -> 200 items
[12:12:56] 1957 topps ernie banks
  -> 200 items
[12:14:01] 1971 topps ernie banks
  -> 200 items
[12:15:06] 1966 topps ernie banks
  -> 200 items
[12:16:13] 1968 topps niekro
  -> 200 items
[12:17:18] 1966 topps niekro
  -> 155 items
[12:18:24] 1964 topps brooks robinson
  -> 200 items
[12:19:30] 1961 topps brooks robinson
  -> 200 items
[12:20:35] 1958 topps brooks robinson
  -> 200 items
[12:21:41] 1960 topps brooks robinson
  -> 200 items
[12:22:47] 1965 topps brooks robinson
  -> 200 items
[12:23:52] 1958 topps sluggers supreme
  -> 159 items
[12:24:58] 1959 topps fence busters
  -> 200 items
[12:26:04] 1967 topps braves team
  -> 55 items
[12:27:09] 1959 topps mays catch
  -> 200 items
[12:28:13] 1976 topps reggie jackson
  -> 200 items
[12:29:18] 1953 topps monte irvin
  -> 191 items
[12:30:22] 1956 topps monte irvin
  -> 153 items
[12:31:27] 1957 topps campanella
  -> 200 items
[12:32:31] 1955 bowman pee wee reese
  -> 164 items
[12:33:35] 1955 bowman enos slaughter
  -> 102 items
[12:34:41] 1963 topps stan musial
  -> 200 items

=== Done ===
Finished: Mon Jan 12 12:35:45 PM UTC 2026
