=== Card Comps DB Population ===
Started: Sun Jan 11 05:22:41 PM UTC 2026
Delay between searches: 60s

[2026-01-11 17:22:41] Searching: mike trout
  -> 200 items, 89606 bytes
[2026-01-11 17:23:47] Searching: shohei ohtani
  -> 200 items, 90398 bytes
[2026-01-11 17:24:52] Searching: aaron judge
  -> 200 items, 89653 bytes
[2026-01-11 17:25:58] Searching: mookie betts
  -> 200 items, 90216 bytes
[2026-01-11 17:27:04] Searching: ronald acuna
  -> 200 items, 90778 bytes
[2026-01-11 17:28:10] Searching: juan soto
  -> 200 items, 89624 bytes
[2026-01-11 17:29:15] Searching: trea turner
  -> 200 items, 90293 bytes
[2026-01-11 17:30:21] Searching: freddie freeman
  -> 200 items, 90521 bytes
[2026-01-11 17:31:27] Searching: corey seager
  -> 200 items, 89786 bytes
[2026-01-11 17:32:33] Searching: manny machado
  -> 200 items, 90248 bytes
[2026-01-11 17:33:38] Searching: bryce harper
  -> 200 items, 89715 bytes
[2026-01-11 17:34:44] Searching: pete alonso
  -> 200 items, 89828 bytes
[2026-01-11 17:35:50] Searching: vlad guerrero jr
  -> 200 items, 91621 bytes
[2026-01-11 17:36:55] Searching: julio rodriguez
  -> 200 items, 90639 bytes
[2026-01-11 17:38:00] Searching: bobby witt jr
  -> 200 items, 90408 bytes
[2026-01-11 17:39:04] Searching: gunnar henderson
  -> 200 items, 90644 bytes
[2026-01-11 17:40:10] Searching: corbin carroll
  -> 200 items, 90766 bytes
[2026-01-11 17:41:17] Searching: ken griffey jr
  -> 200 items, 89838 bytes
[2026-01-11 17:42:23] Searching: derek jeter
  -> 200 items, 89754 bytes
[2026-01-11 17:43:27] Searching: mickey mantle
  -> 200 items, 90190 bytes
[2026-01-11 17:44:35] Searching: babe ruth
  -> 200 items, 90032 bytes
[2026-01-11 17:45:39] Searching: willie mays
  -> 200 items, 89315 bytes
[2026-01-11 17:46:47] Searching: hank aaron
  -> 200 items, 89160 bytes
[2026-01-11 17:47:52] Searching: jackie robinson
  -> 200 items, 90057 bytes
[2026-01-11 17:48:59] Searching: ted williams
  -> 200 items, 89875 bytes
[2026-01-11 17:50:04] Searching: roberto clemente
  -> 200 items, 89913 bytes
[2026-01-11 17:51:10] Searching: nolan ryan
  -> 200 items, 88660 bytes
[2026-01-11 17:52:17] Searching: cal ripken jr
  -> 200 items, 88836 bytes
[2026-01-11 17:53:25] Searching: mike piazza
  -> 200 items, 89358 bytes
[2026-01-11 17:54:33] Searching: mariano rivera
  -> 200 items, 89541 bytes
[2026-01-11 17:55:41] Searching: david ortiz
  -> 0 items, 55 bytes
  -> No results, short wait...
[2026-01-11 17:56:17] Searching: ichiro suzuki
  -> 200 items, 89809 bytes
[2026-01-11 17:57:24] Searching: albert pujols
  -> 200 items, 89722 bytes
[2026-01-11 17:58:31] Searching: michael jordan
  -> 200 items, 89431 bytes
[2026-01-11 17:59:37] Searching: lebron james
  -> 200 items, 90268 bytes
[2026-01-11 18:00:44] Searching: kobe bryant
  -> 200 items, 89356 bytes
[2026-01-11 18:01:50] Searching: shaquille oneal
  -> 200 items, 91125 bytes
[2026-01-11 18:02:59] Searching: stephen curry
  -> 200 items, 90011 bytes
[2026-01-11 18:04:05] Searching: kevin durant
  -> 200 items, 90260 bytes
[2026-01-11 18:05:13] Searching: giannis antetokounmpo
  -> 200 items, 91085 bytes
[2026-01-11 18:06:18] Searching: luka doncic
  -> 200 items, 89860 bytes
[2026-01-11 18:07:24] Searching: jayson tatum
  -> 200 items, 90353 bytes
[2026-01-11 18:08:29] Searching: ja morant
  -> 200 items, 90291 bytes
[2026-01-11 18:09:35] Searching: zion williamson
  -> 200 items, 90372 bytes
 bytes
[2026-01-11 18:06:18] Searching: jayson tatum card
  -> 200 items, 90916 bytes
[2026-01-11 18:07:24] Searching: ja morant card
  -> 200 items, 90805 bytes
[2026-01-11 18:08:29] Searching: zion williamson card
  -> 200 items, 91096 bytes
[2026-01-11 18:09:35] Searching: anthony edwards card
  -> 200 items, 91086 bytes
