=== Original 151 Pokemon ===
Started: Tue Jan 13 05:42:10 AM UTC 2026
[05:42:10] bulbasaur base set
  -> 200 items
[05:43:16] ivysaur base set
  -> 200 items
[05:44:21] venusaur base set
  -> 200 items
[05:45:26] charmander base set
  -> 200 items
[05:46:31] charmeleon base set
  -> 200 items
[05:47:37] charizard base set
  -> 200 items
[05:48:45] squirtle base set
  -> 200 items
[05:49:50] wartortle base set
  -> 200 items
[05:50:55] blastoise base set
  -> 200 items
[05:52:01] caterpie base set
  -> 200 items
[05:53:06] metapod base set
  -> 200 items
[05:54:12] butterfree base set
  -> 130 items
[05:55:17] weedle base set
  -> 200 items
[05:56:23] kakuna base set
  -> 200 items
[05:57:28] beedrill base set
  -> 200 items
[05:58:34] pidgey base set
  -> 200 items
[05:59:39] pidgeotto base set
  -> 200 items
[06:00:44] pidgeot base set
  -> 200 items
[06:01:50] rattata base set
  -> 200 items
[06:02:57] raticate base set
  -> 200 items
[06:04:02] spearow base set
  -> 55 items
[06:05:06] fearow base set
  -> 79 items
[06:06:11] ekans base set
  -> 51 items
[06:07:16] arbok base set
  -> 42 items
[06:08:20] pikachu base set
  -> 0 items
[06:09:26] raichu base set
  -> 200 items
[06:10:30] sandshrew base set
  -> 200 items
[06:11:35] sandslash base set
  -> 12 items
[06:12:39] nidoran female base set
  -> 7 items
[06:13:52] nidorina base set
  -> 36 items
[06:14:56] nidoqueen base set
  -> 200 items
[06:16:00] nidoran male base set
  -> 60 items
[06:17:05] nidorino base set
  -> 200 items
[06:18:12] nidoking base set
  -> 200 items
[06:19:17] clefairy base set
  -> 200 items
[06:20:24] clefable base set
  -> 200 items
[06:21:29] vulpix base set
  -> 200 items
[06:22:34] ninetales base set
  -> 200 items
[06:23:39] jigglypuff base set
  -> 98 items
[06:24:45] wigglytuff base set
  -> 200 items
[06:25:49] zubat base set
  -> 19 items
[06:26:53] golbat base set
  -> 29 items
[06:28:06] oddish base set
  -> 31 items
[06:29:12] gloom base set
  -> 35 items
[06:30:16] vileplume base set
  -> 57 items
[06:31:20] paras base set
  -> 32 items
[06:32:24] parasect base set
  -> 33 items
[06:33:28] venonat base set
  -> 34 items
[06:34:32] venomoth base set
  -> 76 items
[06:35:37] diglett base set
  -> 200 items
[06:36:41] dugtrio base set
  -> 200 items
[06:37:45] meowth base set
  -> 128 items
[06:38:50] persian base set
  -> 63 items
[06:39:56] psyduck base set
  -> 80 items
[06:41:03] golduck base set
  -> 30 items
[06:42:09] mankey base set
  -> 12 items
[06:43:14] primeape base set
  -> 30 items
[06:44:29] growlithe base set
  -> 200 items
[06:45:35] arcanine base set
  -> 200 items
[06:46:41] poliwag base set
  -> 200 items
[06:47:48] poliwhirl base set
  -> 200 items
[06:48:55] poliwrath base set
  -> 200 items
[06:50:01] abra base set
  -> 200 items
[06:51:06] kadabra base set
  -> 200 items
[06:52:11] alakazam base set
  -> 200 items
[06:53:18] machop base set
  -> 200 items
[06:54:23] machoke base set
  -> 200 items
[06:55:28] machamp base set
  -> 200 items
[06:56:34] bellsprout base set
  -> 39 items
[06:57:39] weepinbell base set
  -> 36 items
[06:58:45] victreebel base set
  -> 67 items
[06:59:50] tentacool base set
  -> 26 items
[07:01:03] tentacruel base set
  -> 21 items
[07:02:13] geodude base set
  -> 23 items
[07:03:17] graveler base set
  -> 16 items
[07:04:21] golem base set
  -> 56 items
[07:05:27] ponyta base set
  -> 200 items
[07:06:31] rapidash base set
  -> 66 items
[07:07:36] slowpoke base set
  -> 200 items
[07:08:41] slowbro base set
  -> 72 items
[07:09:50] magnemite base set
  -> 200 items
[07:10:57] magneton base set
  -> 200 items
[07:12:03] farfetchd base set
  -> 14 items
[07:13:15] doduo base set
  -> 200 items
[07:14:22] dodrio base set
  -> 58 items
[07:15:26] seel base set
  -> 200 items
[07:16:33] dewgong base set
  -> 200 items
[07:17:39] grimer base set
  -> 26 items
[07:18:45] muk base set
  -> 68 items
[07:19:52] shellder base set
  -> 34 items
[07:20:57] cloyster base set
  -> 64 items
[07:22:02] gastly base set
  -> 200 items
[07:23:06] haunter base set
  -> 200 items
[07:24:13] gengar base set
  -> 200 items
[07:25:18] onix base set
  -> 0 items
[07:26:18] drowzee base set
  -> 0 items
[07:27:18] hypno base set
  -> 0 items
[07:28:19] krabby base set
  -> 0 items
[07:29:19] kingler base set
  -> 56 items
[07:30:26] voltorb base set
  -> 200 items
[07:31:29] electrode base set
  -> 200 items
[07:32:34] exeggcute base set
  -> 31 items
[07:33:38] exeggutor base set
  -> 55 items
[07:34:42] cubone base set
  -> 151 items
[07:35:45] marowak base set
  -> 52 items
[07:36:49] hitmonlee base set
  -> 51 items
[07:37:53] hitmonchan base set
  -> 200 items
[07:38:57] lickitung base set
  -> 40 items
[07:40:00] koffing base set
  -> 0 items
[07:41:04] weezing base set
  -> 0 items
[07:42:04] rhyhorn base set
  -> 0 items
[07:43:04] rhydon base set
  -> 0 items
[07:44:04] chansey base set
  -> 0 items
[07:45:05] tangela base set
  -> 0 items
[07:46:05] kangaskhan base set
  -> 0 items
[07:47:05] horsea base set
  -> 0 items
[07:48:05] seadra base set
  -> 0 items
[07:49:06] goldeen base set
  -> 0 items
[07:50:06] seaking base set
  -> 50 items
[07:51:11] staryu base set
  -> 200 items
[07:52:15] starmie base set
  -> 200 items
[07:53:20] mr mime base set
  -> 99 items
[07:54:25] scyther base set
  -> 200 items
[07:55:29] jynx base set
  -> 200 items
[07:56:33] electabuzz base set
  -> 200 items
[07:57:38] magmar base set
  -> 200 items
[07:58:42] pinsir base set
  -> 92 items
[07:59:46] tauros base set
  -> 184 items
[08:00:51] magikarp base set
  -> 200 items
[08:01:56] gyarados base set
  -> 200 items
[08:03:01] lapras base set
  -> 200 items
[08:04:06] ditto base set
  -> 29 items
[08:05:11] eevee base set
  -> 109 items
[08:06:17] vaporeon base set
  -> 60 items
[08:07:23] jolteon base set
  -> 33 items
[08:08:29] flareon base set
  -> 25 items
[08:09:34] porygon base set
  -> 200 items
[08:10:40] omanyte base set
  -> 18 items
[08:11:46] omastar base set
  -> 26 items
[08:12:57] kabuto base set
  -> 78 items
[08:14:01] kabutops base set
  -> 17 items
[08:15:05] aerodactyl base set
  -> 37 items
[08:16:09] snorlax base set
  -> 0 items
[08:17:13] articuno base set
  -> 0 items
[08:18:18] zapdos base set
  -> 200 items
[08:19:23] moltres base set
  -> 43 items
[08:20:27] dratini base set
  -> 200 items
[08:21:31] dragonair base set
  -> 200 items
[08:22:37] dragonite base set
  -> 161 items
[08:23:42] mewtwo base set
  -> 200 items
[08:24:47] mew base set
  -> 180 items
=== HIGH VALUE VARIANTS ===
[08:25:52] charizard 1st edition
  -> 200 items
[08:26:57] charizard shadowless
  -> 200 items
[08:28:02] blastoise 1st edition
  -> 200 items
[08:29:07] venusaur 1st edition
  -> 200 items
[08:30:13] pikachu 1st edition
  -> 200 items
[08:31:18] mewtwo 1st edition
  -> 200 items
[08:32:23] alakazam 1st edition
  -> 200 items
[08:33:29] gyarados 1st edition
  -> 200 items
[08:34:33] chansey 1st edition
  -> 200 items
[08:35:38] hitmonchan 1st edition
  -> 200 items
[08:36:45] ninetales 1st edition
  -> 200 items
[08:37:51] poliwrath 1st edition
  -> 200 items
[08:39:00] raichu 1st edition
  -> 200 items
[08:40:05] nidoking 1st edition
  -> 200 items
[08:41:10] clefairy 1st edition
  -> 200 items
[08:42:15] magneton 1st edition
  -> 200 items
[08:43:21] zapdos 1st edition
  -> 200 items
[08:44:25] moltres 1st edition
  -> 200 items
[08:45:29] articuno 1st edition
  -> 0 items
=== JUNGLE SET ===
[08:46:29] flareon jungle
  -> 200 items
[08:47:35] jolteon jungle
  -> 200 items
[08:48:39] vaporeon jungle
  -> 200 items
[08:49:43] scyther jungle
  -> 200 items
[08:50:47] pinsir jungle
  -> 200 items
[08:51:52] snorlax jungle
  -> 200 items
[08:52:56] wigglytuff jungle
  -> 200 items
[08:54:01] vileplume jungle
  -> 200 items
[08:55:06] victreebel jungle
  -> 200 items
[08:56:12] kangaskhan jungle
  -> 200 items
[08:57:19] mr mime jungle
  -> 200 items
[08:58:24] electrode jungle
  -> 200 items
[08:59:29] clefable jungle
  -> 200 items
[09:00:35] nidoqueen jungle
  -> 200 items
[09:01:40] pidgeot jungle
  -> 200 items
[09:02:46] venomoth jungle
  -> 200 items
=== FOSSIL SET ===
[09:03:52] dragonite fossil
  -> 200 items
[09:04:59] gengar fossil
  -> 200 items
[09:06:05] haunter fossil
  -> 200 items
[09:07:09] hypno fossil
  -> 200 items
[09:08:13] kabutops fossil
  -> 200 items
[09:09:18] lapras fossil
  -> 200 items
[09:10:22] magneton fossil
  -> 200 items
[09:11:26] moltres fossil
  -> 200 items
[09:12:32] muk fossil
  -> 200 items
[09:13:36] raichu fossil
  -> 200 items
[09:14:41] zapdos fossil
  -> 200 items
[09:15:46] aerodactyl fossil
  -> 200 items
[09:16:50] articuno fossil
  -> 200 items
[09:17:54] ditto fossil
  -> 200 items
[09:18:58] hitmonlee fossil
  -> 200 items

=== Pokemon 151 Complete ===
Finished: Tue Jan 13 09:20:02 AM UTC 2026
