=== MASSIVE Database Population ===
Started: Mon Jan 12 11:43:37 PM UTC 2026
=== PREMIER LEAGUE ===
[23:43:37] topps chrome saka
  -> 200 items
[23:44:44] topps chrome saliba
  -> 40 items
[23:45:48] topps chrome rice declan
  -> 134 items
[23:46:54] topps chrome martinelli
  -> 104 items
[23:47:59] topps chrome odegaard
  -> 116 items
[23:49:03] topps chrome raya
  -> 200 items
[23:50:08] prizm saka
  -> 200 items
[23:51:12] topps chrome haaland
  -> 200 items
[23:52:17] topps chrome foden
  -> 200 items
[23:53:25] topps chrome rodri
  -> 34 items
[23:54:30] topps chrome bernardo silva
  -> 86 items
[23:55:37] topps chrome grealish
  -> 65 items
[23:56:44] topps chrome ederson
  -> 40 items
[23:57:49] prizm haaland
  -> 200 items
[23:58:54] topps chrome salah
  -> 200 items
[00:00:01] topps chrome van dijk
  -> 200 items
[00:01:05] topps chrome luis diaz
  -> 76 items
[00:02:11] topps chrome mac allister
  -> 59 items
[00:03:20] topps chrome gakpo
  -> 44 items
[00:04:25] topps chrome szoboszlai
  -> 200 items
[00:05:30] prizm salah
  -> 200 items
[00:06:35] topps chrome garnacho
  -> 200 items
[00:07:40] topps chrome rashford
  -> 111 items
[00:08:45] topps chrome mainoo
  -> 200 items
[00:09:50] topps chrome bruno fernandes
  -> 200 items
[00:10:57] topps chrome hojlund
  -> 74 items
[00:12:04] topps chrome mount mason
  -> 190 items
[00:13:12] prizm garnacho
  -> 139 items
[00:14:17] topps chrome palmer cole
  -> 200 items
[00:15:22] topps chrome jackson nicolas
  -> 31 items
[00:16:29] topps chrome mudryk
  -> 66 items
[00:17:34] topps chrome caicedo
  -> 46 items
[00:18:40] topps chrome enzo fernandez
  -> 88 items
[00:19:46] prizm cole palmer
  -> 200 items
[00:20:54] topps chrome son heung
  -> 200 items
[00:22:01] topps chrome maddison
  -> 27 items
[00:23:06] topps chrome van de ven
  -> 21 items
[00:24:13] topps chrome romero cristian
  -> 33 items
[00:25:19] topps chrome vicario
  -> 19 items
[00:26:31] topps chrome isak
  -> 46 items
[00:27:36] topps chrome gordon anthony
  -> 6 items
[00:28:45] topps chrome guimaraes
  -> 25 items
[00:29:51] topps chrome tonali
  -> 34 items
[00:30:56] prizm isak
  -> 77 items
[00:32:01] topps chrome watkins ollie
  -> 107 items
[00:33:07] topps chrome martinez emiliano
  -> 50 items
[00:34:11] topps chrome mcginn
  -> 16 items
[00:35:17] topps chrome cash matty
  -> 20 items
[00:36:26] topps chrome mitoma
  -> 21 items
[00:37:30] topps chrome pedro joao
  -> 43 items
[00:38:34] topps chrome welbeck
  -> 20 items
[00:39:47] topps chrome paqueta
  -> 9 items
[00:40:57] topps chrome bowen jarrod
  -> 46 items
[00:42:04] topps chrome kudus
  -> 14 items
[00:43:10] topps chrome mbeumo
  -> 19 items
[00:44:23] topps chrome toney ivan
  -> 19 items
[00:45:36] topps chrome wissa
  -> 19 items
[00:47:03] topps chrome olise
  -> 63 items
[00:48:09] topps chrome eze eberechi
  -> 20 items
[00:49:23] topps chrome mateta
  -> 13 items
[00:50:36] topps chrome cunha matheus
  -> 8 items
[00:51:45] topps chrome neto pedro
  -> 7 items
[00:52:56] topps chrome hwang hee
  -> 55 items
[00:54:01] topps chrome solanke
  -> 10 items
[00:55:11] topps chrome semenyo
  -> 17 items
[00:56:22] topps chrome robinson antonee
  -> 18 items
[00:57:31] topps chrome jimenez raul
  -> 4 items
[00:58:40] topps chrome wood chris
  -> 1 items
[00:59:51] topps chrome awoniyi
  -> 16 items
[01:01:03] topps chrome gibbs-white
  -> 19 items
[01:02:16] topps chrome calvert-lewin
  -> 20 items
[01:03:26] topps chrome pickford
  -> 4 items
[01:04:37] topps chrome vardy
  -> 13 items
[01:05:43] topps chrome ndidi
  -> 14 items
[01:06:56] topps chrome maddison leicester
  -> 1 items
[01:08:19] topps chrome hutchinson omari
  -> 20 items
[01:09:31] topps chrome aribo
  -> 20 items
=== CHAMPIONS LEAGUE ===
[01:10:40] topps chrome bellingham
  -> 200 items
[01:11:46] topps chrome vinicius jr
  -> 85 items
[01:12:51] topps chrome rodrygo
  -> 103 items
[01:13:56] topps chrome valverde
  -> 112 items
[01:15:01] topps chrome tchouameni
  -> 42 items
[01:16:06] topps chrome camavinga
  -> 200 items
[01:17:12] topps chrome modric
  -> 200 items
[01:18:17] topps chrome courtois
  -> 29 items
[01:19:24] prizm bellingham
  -> 200 items
[01:20:30] prizm vinicius
  -> 110 items
[01:21:35] topps chrome yamal lamine
  -> 200 items
[01:22:41] topps chrome pedri
  -> 200 items
[01:23:45] topps chrome gavi
  -> 200 items
[01:24:52] topps chrome raphinha
  -> 88 items
[01:26:01] topps chrome ter stegen
  -> 0 items
[01:27:06] topps chrome araujo
  -> 0 items
[01:28:06] prizm lamine yamal
  -> 0 items
[01:29:07] topps chrome musiala
  -> 0 items
[01:30:07] topps chrome sane
  -> 200 items
[01:31:16] topps chrome kane harry
  -> 200 items
[01:32:25] topps chrome kimmich
  -> 117 items
[01:33:31] topps chrome davies alphonso
  -> 200 items
[01:34:36] prizm musiala
  -> 49 items
[01:35:43] topps chrome dembele ousmane
  -> 154 items
[01:36:49] topps chrome hakimi
  -> 85 items
[01:37:53] topps chrome marquinhos
  -> 55 items
[01:38:58] topps chrome zaire-emery
  -> 200 items
[01:40:06] topps chrome vitinha
  -> 90 items
[01:41:10] prizm zaire-emery
  -> 69 items
[01:42:18] topps chrome adeyemi
  -> 200 items
[01:43:23] topps chrome brandt
  -> 67 items
[01:44:29] topps chrome hummels
  -> 0 items
[01:45:34] topps chrome reus
  -> 97 items
[01:46:40] topps chrome sesko
  -> 200 items
[01:47:45] topps chrome xavi simons
  -> 196 items
[01:48:52] topps chrome openda
  -> 41 items
[01:49:58] topps chrome lautaro martinez
  -> 139 items
[01:51:07] topps chrome barella
  -> 82 items
[01:52:15] topps chrome thuram marcus
  -> 91 items
[01:53:20] topps chrome leao rafael
  -> 175 items
[01:54:26] topps chrome pulisic
  -> 200 items
[01:55:31] topps chrome maignan
  -> 20 items
[01:56:37] topps chrome vlahovic
  -> 69 items
[01:57:43] topps chrome chiesa
  -> 93 items
[01:58:50] topps chrome yildiz
  -> 0 items
[02:00:03] topps chrome osimhen
  -> 0 items
[02:01:03] topps chrome kvaratskhelia
  -> 46 items
[02:02:10] topps chrome di lorenzo
  -> 20 items
[02:03:19] topps chrome griezmann
  -> 200 items
[02:04:24] topps chrome alvarez julian
  -> 200 items
[02:05:29] topps chrome joao neves
  -> 89 items
[02:06:33] topps chrome di maria
  -> 117 items
[02:07:37] topps chrome diaz luis porto
  -> 20 items
[02:08:46] topps chrome evanilson
  -> 13 items
[02:09:58] topps chrome brobbey
  -> 13 items
[02:11:11] topps chrome kyogo
  -> 87 items
[02:12:20] topps chrome hart joe
  -> 10 items
[02:13:30] topps chrome cantwell
  -> 20 items
=== LA LIGA ===
[02:14:41] topps chrome guler arda
  -> 200 items
[02:15:47] topps chrome lewandowski
  -> 200 items
[02:16:54] topps chrome de jong frenkie
  -> 92 items
[02:17:59] topps chrome savio real
  -> 5 items
[02:19:08] topps chrome endrick
  -> 200 items
=== BUNDESLIGA ===
[02:20:13] topps chrome wirtz florian
  -> 200 items
[02:21:19] topps chrome havertz
  -> 200 items
[02:22:27] topps chrome gittens
  -> 108 items
[02:23:34] topps chrome tah
  -> 24 items
=== SERIE A ===
[02:24:41] topps chrome dovbyk
  -> 3 items
[02:25:51] topps chrome lookman
  -> 20 items
[02:27:28] topps chrome lukaku
  -> 86 items
=== LIGUE 1 ===
[02:28:34] topps chrome greenwood mason
  -> 27 items
[02:29:40] topps chrome ekitike
  -> 200 items
[02:30:47] topps chrome fofana
  -> 5 items
=== INTERNATIONAL ===
[02:31:57] prizm messi world cup
  -> 200 items
[02:33:03] prizm mbappe world cup
  -> 200 items
[02:34:08] prizm neymar world cup
  -> 200 items
[02:35:13] prizm ronaldo world cup
  -> 200 items
[02:36:18] prizm pulisic world cup
  -> 132 items
[02:37:23] prizm modrić world cup
  -> 0 items
[02:39:03] topps chrome euro bellingham
  -> 17 items
[02:40:07] topps chrome euro yamal
  -> 200 items
[02:41:12] topps chrome euro saka
  -> 19 items
[02:42:22] topps chrome euro mbappe
  -> 20 items
=== FORMULA 1 ===
[02:43:33] topps chrome verstappen
  -> 200 items
[02:44:39] topps chrome hamilton
  -> 200 items
[02:45:45] topps chrome leclerc
  -> 200 items
[02:46:53] topps chrome norris lando
  -> 200 items
[02:48:00] topps chrome sainz
  -> 200 items
[02:49:06] topps chrome piastri
  -> 200 items
[02:50:13] topps chrome russell george
  -> 200 items
[02:51:19] topps chrome alonso fernando
  -> 200 items
[02:52:24] topps chrome perez sergio
  -> 200 items
[02:53:31] topps chrome antonelli
  -> 200 items
[02:54:37] prizm verstappen
  -> 2 items
[02:55:46] prizm hamilton
  -> 200 items
[02:56:50] topps turbo attax verstappen
  -> 188 items
[02:57:56] f1 topps chrome auto
  -> 200 items
=== UFC ===
[02:59:03] topps chrome mcgregor
  -> 200 items
[03:00:07] topps chrome jones jon
  -> 200 items
[03:01:14] topps chrome makhachev
  -> 200 items
[03:02:21] topps chrome adesanya
  -> 161 items
[03:03:26] topps chrome o'malley
  -> 200 items
[03:04:35] topps chrome chimaev
  -> 138 items
[03:05:41] topps chrome volkanovski
  -> 147 items
[03:06:49] topps chrome du plessis
  -> 113 items
[03:07:59] topps chrome pereira alex
  -> 200 items
[03:09:06] prizm mcgregor
  -> 200 items
[03:10:14] prizm jones ufc
  -> 200 items
[03:11:19] select ufc mcgregor
  -> 0 items
[03:13:08] chronicles ufc jones
  -> 0 items
=== NHL ===
[03:14:40] upper deck young guns bedard
  -> 0 items
[03:16:30] upper deck young guns makar
  -> 200 items
[03:17:39] upper deck young guns hughes
  -> 200 items
[03:18:50] upper deck young guns mcdavid
  -> 200 items
[03:19:56] upper deck young guns crosby
  -> 200 items
[03:21:03] upper deck young guns ovechkin
  -> 200 items
[03:22:10] upper deck young guns matthews
  -> 200 items
[03:23:17] sp authentic mcdavid
  -> 200 items
[03:24:23] sp authentic crosby
  -> 0 items
[03:26:12] o-pee-chee mcdavid
  -> 200 items
[03:27:18] upper deck gretzky
  -> 200 items
[03:28:23] o-pee-chee gretzky
  -> 0 items
[03:29:36] topps gretzky
  -> 200 items
[03:30:42] upper deck lemieux
  -> 200 items
[03:31:47] upper deck yzerman
  -> 200 items
[03:32:52] upper deck jagr
  -> 200 items
=== WWE ===
[03:33:56] topps chrome roman reigns
  -> 200 items
[03:35:01] topps chrome cody rhodes
  -> 200 items
[03:36:06] topps chrome stone cold
  -> 200 items
[03:37:12] topps chrome undertaker
  -> 200 items
[03:38:18] topps chrome john cena
  -> 200 items
[03:39:23] topps chrome the rock
  -> 200 items
[03:40:30] topps chrome hulk hogan
  -> 200 items
[03:41:37] topps chrome bret hart
  -> 151 items
[03:42:43] topps chrome randy orton
  -> 186 items
[03:43:50] topps chrome seth rollins
  -> 187 items
[03:44:56] prizm wwe cody
  -> 198 items
[03:46:06] select wwe roman
  -> 200 items
=== POKEMON ===
[03:47:12] charizard base set
  -> 0 items
[03:48:17] charizard 1st edition
  -> 200 items
[03:49:22] pikachu illustrator
  -> 62 items
[03:50:57] shadowless charizard
  -> 200 items
[03:52:02] blastoise base set
  -> 200 items
[03:53:07] venusaur base set
  -> 200 items
[03:54:12] mewtwo base set
  -> 200 items
[03:55:17] mew base set
  -> 180 items
[03:56:23] gengar base set
  -> 200 items
[03:57:28] alakazam base set
  -> 0 items
[03:58:33] charizard vmax
  -> 200 items
[03:59:38] pikachu vmax
  -> 0 items
[04:00:43] umbreon vmax
  -> 200 items
[04:01:49] moonbreon
  -> 0 items
[04:02:49] psa 10 charizard
  -> 200 items
[04:03:55] psa 10 pikachu
  -> 200 items
[04:05:00] pokemon 151 charizard
  -> 200 items
[04:06:05] scarlet violet charizard
  -> 200 items
=== MTG ===
[04:07:10] black lotus mtg
  -> 200 items
[04:08:16] mox sapphire mtg
  -> 145 items
[04:09:21] mox ruby mtg
  -> 107 items
[04:10:25] time walk mtg
  -> 169 items
[04:11:31] ancestral recall mtg
  -> 117 items
[04:12:36] underground sea mtg
  -> 0 items
[04:13:41] tropical island mtg
  -> 200 items
[04:14:46] alpha black lotus
  -> 52 items
[04:15:55] beta black lotus
  -> 85 items
=== MORE VINTAGE ===
[04:16:59] 1948 leaf jackie robinson
  -> 0 items
[04:18:05] 1949 bowman jackie robinson
  -> 200 items
[04:19:11] 1951 bowman mickey mantle
  -> 200 items
[04:20:16] 1951 bowman willie mays
  -> 200 items
[04:21:22] 1933 goudey babe ruth
  -> 200 items
[04:22:28] 1933 goudey lou gehrig
  -> 200 items
[04:23:33] 1934 goudey lou gehrig
  -> 200 items
[04:24:38] 1909 t206 honus wagner
  -> 62 items
[04:25:44] 1909 t206 ty cobb
  -> 200 items
[04:26:50] 1914 cracker jack shoeless joe
  -> 5 items
[04:28:00] 1915 cracker jack babe ruth
  -> 21 items
[04:29:11] 1939 play ball ted williams
  -> 200 items
[04:30:18] 1941 play ball joe dimaggio
  -> 200 items
[04:31:24] 1948 bowman stan musial
  -> 200 items
[04:32:30] 1949 bowman satchel paige
  -> 23 items
[04:33:37] t206 mathewson
  -> 200 items
[04:34:42] t206 walter johnson
  -> 0 items
[04:35:48] t206 cy young
  -> 200 items
[04:36:52] t205 ty cobb
  -> 145 items
=== MORE VINTAGE BASKETBALL ===
[04:37:58] 1948 bowman george mikan
  -> 103 items
[04:39:04] 1957 topps bob cousy
  -> 198 items
[04:40:11] 1957 topps bill russell
  -> 200 items
[04:41:16] 1961 fleer elgin baylor
  -> 200 items
[04:42:22] 1972 topps julius erving
  -> 200 items
[04:43:28] 1980 topps magic johnson
  -> 200 items
[04:44:33] 1980 topps larry bird
  -> 200 items
[04:45:39] 1997 topps chrome kobe
  -> 200 items
[04:46:50] 1997 topps chrome duncan
  -> 200 items
[04:47:57] 1998 topps chrome dirk
  -> 200 items
[04:49:03] 1998 topps chrome vince carter
  -> 200 items
[04:50:09] 2009 topps chrome harden
  -> 151 items
[04:51:15] 2012 prizm anthony davis
  -> 200 items
[04:52:21] 2012 prizm damian lillard
  -> 200 items
=== COLLEGE ===
[04:53:28] contenders college mahomes
  -> 5 items
[04:54:40] contenders college burrow
  -> 6 items
[04:55:49] contenders college herbert
  -> 4 items
[04:57:00] contenders college stroud
  -> 30 items
[04:58:06] contenders college caleb williams
  -> 20 items
[04:59:27] panini prizm draft burrow
  -> 200 items
[05:00:34] panini prizm draft stroud
  -> 200 items
[05:01:41] bowman university skenes
  -> 20 items
[05:02:52] bowman university jackson holliday
  -> 20 items
=== AUTOGRAPHS ===
[05:04:02] topps chrome auto bellingham
  -> 144 items
[05:05:08] topps chrome auto haaland
  -> 89 items
[05:06:15] topps chrome auto yamal auto
  -> 200 items
[05:07:24] topps chrome auto saka
  -> 20 items
[05:08:33] bowman chrome auto trout
  -> 200 items
[05:09:39] bowman chrome auto soto
  -> 200 items
[05:10:45] bowman chrome auto ohtani
  -> 200 items
[05:11:55] bowman chrome auto wander
  -> 200 items
[05:13:00] national treasures mahomes auto
  -> 200 items
[05:14:10] national treasures burrow auto
  -> 0 items
[05:15:59] flawless mahomes auto
  -> 200 items
[05:17:08] topps chrome f1 auto verstappen
  -> 36 items
[05:18:23] ufc auto mcgregor
  -> 200 items
[05:19:31] prizm auto wembanyama
  -> 19 items
=== 1/1s AND SSP ===
[05:20:40] superfractor trout
  -> 66 items
[05:21:46] superfractor ohtani
  -> 85 items
[05:22:53] superfractor mahomes
  -> 4 items
[05:24:03] 1/1 mahomes
  -> 200 items
[05:25:08] 1/1 burrow
  -> 200 items
[05:26:13] printing plate mahomes
  -> 30 items
[05:27:21] printing plate ohtani
  -> 34 items
[05:28:26] gold vinyl prizm
  -> 200 items
[05:29:33] black prizm 1/1
  -> 200 items
=== BOXES AND SUPPLIES ===
[05:30:39] topps chrome soccer hobby
  -> 200 items
[05:31:45] topps finest soccer hobby
  -> 200 items
[05:32:51] panini prizm soccer hobby
  -> 200 items
[05:33:57] topps merlin hobby
  -> 200 items
[05:35:02] 2024 prizm football hobby
  -> 200 items
[05:36:08] 2024 prizm basketball hobby
  -> 200 items
[05:37:14] 2024 bowman baseball hobby
  -> 138 items
[05:38:19] 2024 topps series 1 hobby
  -> 124 items
[05:39:25] pokemon 151 booster box
  -> 200 items
[05:40:30] pokemon scarlet violet booster
  -> 200 items

=== MASSIVE Population Complete ===
Finished: Tue Jan 13 05:41:35 AM UTC 2026
